
{"message":"holi","level":"info"}
{"errors":{"full_name":{"message":"Path `full_name` is required.","name":"ValidatorError","properties":{"type":"required","message":"Path `{PATH}` is required.","path":"full_name"},"kind":"required","path":"full_name","$isValidatorError":true}},"_message":"User validation failed","message":"User validation failed: full_name: Path `full_name` is required.","name":"ValidationError","level":"error"}
{"level":"error","message":"LngLat [lat] must be within -90 to 90 degrees"}
{"level":"error","message":"LngLat [lat] must be within -90 to 90 degrees"}
{"level":"error","message":"LngLat [lat] must be within -90 to 90 degrees"}
{"level":"error","message":"Can't set headers after they are sent."}
{"level":"error","message":"Can't set headers after they are sent."}
{"message":"holi","level":"info"}
{"message":"holi","level":"info"}
{"message":"holi","level":"info"}
{"message":"holi","level":"info"}
{"message":"holi","level":"info"}
{"message":"holi","level":"info"}
{"message":"holi","level":"info"}
{"message":"holi","level":"info"}
{"message":"holi","level":"info"}
{"message":"holi","level":"info"}
{"message":"holi","level":"info"}
{"message":"holi","level":"info"}
{"message":"holi","level":"info"}
{"message":"holi","level":"info"}
{"message":"holi","level":"info"}
{"message":"holi","level":"info"}
{"message":"holi","level":"info"}
{"message":"holi","level":"info"}
{"message":"holi","level":"info"}
{"message":"holi","level":"info"}
{"message":"holi","level":"info"}
{"message":"holi","level":"info"}
{"message":"holi","level":"info"}
{"message":"holi","level":"info"}
{"message":"holi","level":"info"}
{"message":"holi","level":"info"}
{"message":"holi","level":"info"}
{"message":"holi","level":"info"}
{"message":"holi","level":"info"}
{"message":"holi","level":"info"}
{"data":null,"isBoom":true,"isServer":false,"output":{"statusCode":400,"payload":{"statusCode":400,"error":"Bad Request","message":"name, address, lng, lat is required"},"headers":{}},"level":"error","message":"name, address, lng, lat is required"}
{"message":"holi","level":"info"}
{"message":"holi","level":"info"}
{"message":"holi","level":"info"}
{"data":null,"isBoom":true,"isServer":false,"output":{"statusCode":400,"payload":{"statusCode":400,"error":"Bad Request","message":"name, address, lng, lat is required"},"headers":{}},"level":"error","message":"name, address, lng, lat is required"}
{"data":null,"isBoom":true,"isServer":false,"output":{"statusCode":400,"payload":{"statusCode":400,"error":"Bad Request","message":"name, address, lng, lat is required"},"headers":{}},"level":"error","message":"name, address, lng, lat is required"}
{"message":"holi","level":"info"}
{"errors":{"place_id":{"message":"Path `place_id` is required.","name":"ValidatorError","properties":{"type":"required","message":"Path `{PATH}` is required.","path":"place_id"},"kind":"required","path":"place_id","$isValidatorError":true}},"_message":"Place validation failed","message":"Place validation failed: place_id: Path `place_id` is required.","name":"ValidationError","level":"error"}
